2024-03-28 14:02:04 [백엔드 맛보기] info : 3000 포트에서 서버가 가동되었습니다.
2024-03-28 14:02:04 [백엔드 맛보기] info : GET /register 200 "회원가입 화면으로 이동"
2024-03-28 14:07:04 [백엔드 맛보기] info : 3000 포트에서 서버가 가동되었습니다.
2024-03-28 14:07:04 [백엔드 맛보기] info : GET /login 200 "로그인 화면으로 이동"
2024-03-28 14:09:04 [백엔드 맛보기] info : 3000 포트에서 서버가 가동되었습니다.
2024-03-28 14:10:04 [백엔드 맛보기] info : 3000 포트에서 서버가 가동되었습니다.
2024-03-28 14:15:04 [백엔드 맛보기] info : 3000 포트에서 서버가 가동되었습니다.
2024-03-28 14:16:04 [백엔드 맛보기] info : 3000 포트에서 서버가 가동되었습니다.
2024-03-28 14:17:04 [백엔드 맛보기] info : 3000 포트에서 서버가 가동되었습니다.
2024-03-28 14:18:04 [백엔드 맛보기] info : 3000 포트에서 서버가 가동되었습니다.
2024-03-28 14:18:04 [백엔드 맛보기] info : POST /login  Response: true, undefined"
2024-03-28 14:18:04 [백엔드 맛보기] info : GET / 200 "홈 화면으로 이동"
2024-03-28 14:20:04 [백엔드 맛보기] info : 3000 포트에서 서버가 가동되었습니다.
2024-03-28 14:20:04 [백엔드 맛보기] info : POST /login  Response: true, "
2024-03-28 14:20:04 [백엔드 맛보기] info : GET / 200 "홈 화면으로 이동"
2024-03-28 14:21:04 [백엔드 맛보기] info : 3000 포트에서 서버가 가동되었습니다.
2024-03-28 14:21:04 [백엔드 맛보기] info : POST /login  Response: true, 
2024-03-28 14:21:04 [백엔드 맛보기] info : GET / 200 "홈 화면으로 이동"
2024-03-28 14:21:04 [백엔드 맛보기] info : 3000 포트에서 서버가 가동되었습니다.
2024-03-28 14:21:04 [백엔드 맛보기] info : GET / 200 "홈 화면으로 이동"
2024-03-28 14:21:04 [백엔드 맛보기] info : POST /login  Response: true 
2024-03-28 14:21:04 [백엔드 맛보기] info : GET / 200 "홈 화면으로 이동"
2024-03-28 14:23:04 [백엔드 맛보기] info : 3000 포트에서 서버가 가동되었습니다.
2024-03-28 14:23:04 [백엔드 맛보기] info : POST /login 200 Response: true 
2024-03-28 14:23:04 [백엔드 맛보기] info : GET / 200 "홈 화면으로 이동"
2024-03-28 14:25:04 [백엔드 맛보기] info : GET / 200 "홈 화면으로 이동"
2024-03-28 14:26:04 [백엔드 맛보기] info : GET /login 200 "로그인 화면으로 이동"
2024-03-28 14:26:04 [백엔드 맛보기] info : POST /login 200 Response: false 비밀번호가 틀렸습니다.
2024-03-28 14:28:04 [백엔드 맛보기] info : 3000 포트에서 서버가 가동되었습니다.
2024-03-28 14:28:04 [백엔드 맛보기] info : POST /login 200 Response: false 비밀번호가 틀렸습니다.
2024-03-28 14:29:04 [백엔드 맛보기] info : 3000 포트에서 서버가 가동되었습니다.
2024-03-28 14:29:04 [백엔드 맛보기] info : GET /login 200 "로그인 화면으로 이동"
2024-03-28 14:29:04 [백엔드 맛보기] error : POST /login 400 Response: false, Error: ER_NO_SUCH_TABLE: Table 'login_lecture.abc' doesn't exist"
2024-03-28 14:30:04 [백엔드 맛보기] info : GET /login 200 "로그인 화면으로 이동"
2024-03-28 14:33:04 [백엔드 맛보기] info : 3000 포트에서 서버가 가동되었습니다.
2024-03-28 14:33:04 [백엔드 맛보기] error : POST /login 400 Response: false, TypeError: Cannot destructure property 'id' of '(intermediate value)' as it is undefined."
2024-03-28 14:36:04 [백엔드 맛보기] info : 3000 포트에서 서버가 가동되었습니다.
2024-03-28 14:36:04 [백엔드 맛보기] info : GET /login 304 "로그인 화면으로 이동"
2024-03-28 14:36:04 [백엔드 맛보기] info : POST /login 200 Response: false 존재하지 않는 아이디입니다.
2024-03-28 14:37:04 [백엔드 맛보기] info : GET /register 304 "회원가입 화면으로 이동"
2024-03-28 14:37:04 [백엔드 맛보기] info : 3000 포트에서 서버가 가동되었습니다.
2024-03-28 14:37:04 [백엔드 맛보기] info : GET /register 304 "회원가입 화면으로 이동"
2024-03-28 14:37:04 [백엔드 맛보기] info : GET /login 304 "로그인 화면으로 이동"
2024-03-28 14:37:04 [백엔드 맛보기] info : GET /register 304 "회원가입 화면으로 이동"
2024-03-28 14:38:04 [백엔드 맛보기] info : 3000 포트에서 서버가 가동되었습니다.
2024-04-01 09:49:01 [백엔드 맛보기] info : 3000 포트에서 서버가 가동되었습니다.
2024-04-01 09:50:01 [백엔드 맛보기] info : 3000 포트에서 서버가 가동되었습니다.
2024-04-01 09:50:01 [백엔드 맛보기] info : GET /login 304 "로그인 화면으로 이동"
